<?xml version="1.0" encoding="UTF-8"?>
<!-- Generated by org.testng.reporters.JUnitReportReporter -->
<testsuite skipped="0" hostname="DESKTOP-ANFB91A" name="com.test.GoogleTest" tests="2" failures="0" timestamp="16 Oct 2019 19:45:50 GMT" time="12.547" errors="0">
  <testcase name="googleTitleTest" time="7.046" classname="com.test.GoogleTest"/>
  <testcase name="googleLogoTest" time="5.501" classname="com.test.GoogleTest"/>
</testsuite> <!-- com.test.GoogleTest -->
