<?xml version="1.0" encoding="UTF-8"?>
<!-- Generated by org.testng.reporters.JUnitReportReporter -->
<testsuite skipped="0" hostname="DESKTOP-ANFB91A" name="Selenium.fluentWait" tests="1" failures="0" timestamp="10 Dec 2019 08:15:52 GMT" time="2.958" errors="0">
  <testcase name="testFluentWait" time="2.958" classname="Selenium.fluentWait"/>
</testsuite> <!-- Selenium.fluentWait -->
