<?xml version="1.0" encoding="UTF-8"?>
<!-- Generated by org.testng.reporters.JUnitReportReporter -->
<testsuite skipped="0" hostname="DESKTOP-ANFB91A" name="Selenium.explicitWait" tests="1" failures="0" timestamp="09 Dec 2019 09:31:20 GMT" time="2.195" errors="0">
  <testcase name="testExplicitWait" time="2.195" classname="Selenium.explicitWait"/>
</testsuite> <!-- Selenium.explicitWait -->
