<?xml version="1.0" encoding="UTF-8"?>
<!-- Generated by org.testng.reporters.JUnitReportReporter -->
<testsuite skipped="0" hostname="DESKTOP-ANFB91A" name="com.test.googleTitleTest" tests="2" failures="0" timestamp="16 Oct 2019 19:23:01 GMT" time="12.456" errors="0">
  <testcase name="GoogleTitleTest" time="6.989" classname="com.test.googleTitleTest"/>
  <testcase name="googleLogoTest" time="5.467" classname="com.test.googleTitleTest"/>
</testsuite> <!-- com.test.googleTitleTest -->
