<?xml version="1.0" encoding="UTF-8"?>
<!-- Generated by org.testng.reporters.JUnitReportReporter -->
<testsuite skipped="0" hostname="DESKTOP-ANFB91A" name="com.test.testNGbasics" tests="1" failures="0" timestamp="12 Oct 2019 19:29:41 GMT" time="0.008" errors="0">
  <testcase name="googleTitleTest" time="0.008" classname="com.test.testNGbasics"/>
</testsuite> <!-- com.test.testNGbasics -->
