<?xml version="1.0" encoding="UTF-8"?>
<!-- Generated by org.testng.reporters.JUnitReportReporter -->
<testsuite skipped="0" hostname="DESKTOP-ANFB91A" name="Selenium.cookies" tests="1" failures="0" timestamp="10 Dec 2019 07:58:40 GMT" time="1.425" errors="0">
  <testcase name="testCookies" time="1.425" classname="Selenium.cookies"/>
</testsuite> <!-- Selenium.cookies -->
