<?xml version="1.0" encoding="UTF-8"?>
<!-- Generated by org.testng.reporters.JUnitReportReporter -->
<testsuite skipped="0" hostname="DESKTOP-ANFB91A" name="Selenium.test" tests="1" failures="0" timestamp="17 Dec 2019 08:23:13 GMT" time="3.105" errors="0">
  <testcase name="testFileUpload" time="3.105" classname="Selenium.test"/>
</testsuite> <!-- Selenium.test -->
